  Pause.cpp
c:\users\god\source\repos\mytonaflappybird\pause.cpp(28): warning C4244: 'argument': conversion from 'unsigned int' to 'float', possible loss of data
c:\users\god\source\repos\mytonaflappybird\pause.cpp(32): warning C4244: 'argument': conversion from 'unsigned int' to 'float', possible loss of data
c:\users\god\source\repos\mytonaflappybird\pause.cpp(36): warning C4244: 'argument': conversion from 'unsigned int' to 'float', possible loss of data
c:\users\god\source\repos\mytonaflappybird\pause.cpp(40): warning C4244: 'argument': conversion from 'unsigned int' to 'float', possible loss of data
c:\users\god\source\repos\mytonaflappybird\pause.cpp(52): warning C4244: 'argument': conversion from 'unsigned int' to 'float', possible loss of data
c:\users\god\source\repos\mytonaflappybird\pause.cpp(56): warning C4244: 'argument': conversion from 'double' to 'float', possible loss of data
c:\users\god\source\repos\mytonaflappybird\pause.cpp(56): warning C4244: 'argument': conversion from 'unsigned int' to 'float', possible loss of data
c:\users\god\source\repos\mytonaflappybird\pause.cpp(62): warning C4244: 'argument': conversion from 'int' to 'float', possible loss of data
c:\users\god\source\repos\mytonaflappybird\pause.cpp(64): warning C4244: 'argument': conversion from 'int' to 'float', possible loss of data
c:\users\god\source\repos\mytonaflappybird\pause.cpp(66): warning C4244: 'argument': conversion from 'int' to 'float', possible loss of data
c:\users\god\source\repos\mytonaflappybird\pause.cpp(68): warning C4244: 'argument': conversion from 'int' to 'float', possible loss of data
  Map.cpp
c:\users\god\source\repos\mytonaflappybird\map.cpp(8): warning C4244: 'argument': conversion from 'time_t' to 'unsigned int', possible loss of data
c:\users\god\source\repos\mytonaflappybird\map.cpp(44): warning C4244: 'argument': conversion from 'unsigned int' to 'float', possible loss of data
c:\users\god\source\repos\mytonaflappybird\map.cpp(58): warning C4244: 'initializing': conversion from 'float' to 'int', possible loss of data
c:\users\god\source\repos\mytonaflappybird\map.cpp(59): warning C4244: 'initializing': conversion from 'float' to 'int', possible loss of data
c:\users\god\source\repos\mytonaflappybird\map.cpp(152): warning C4244: 'argument': conversion from 'unsigned int' to 'float', possible loss of data
  MainMenu.cpp
c:\users\god\source\repos\mytonaflappybird\mainmenu.cpp(8): warning C4305: 'argument': truncation from 'double' to 'float'
c:\users\god\source\repos\mytonaflappybird\mainmenu.cpp(9): warning C4244: 'argument': conversion from 'double' to 'float', possible loss of data
c:\users\god\source\repos\mytonaflappybird\mainmenu.cpp(9): warning C4244: 'argument': conversion from 'unsigned int' to 'float', possible loss of data
c:\users\god\source\repos\mytonaflappybird\mainmenu.cpp(15): warning C4244: 'argument': conversion from 'unsigned int' to 'float', possible loss of data
c:\users\god\source\repos\mytonaflappybird\mainmenu.cpp(26): warning C4244: 'argument': conversion from 'unsigned int' to 'float', possible loss of data
c:\users\god\source\repos\mytonaflappybird\mainmenu.cpp(30): warning C4244: 'argument': conversion from 'double' to 'float', possible loss of data
c:\users\god\source\repos\mytonaflappybird\mainmenu.cpp(30): warning C4244: 'argument': conversion from 'unsigned int' to 'float', possible loss of data
c:\users\god\source\repos\mytonaflappybird\mainmenu.cpp(35): warning C4244: 'argument': conversion from 'int' to 'float', possible loss of data
  main.cpp
  GameApp.cpp
  Bird.cpp
c:\users\god\source\repos\mytonaflappybird\bird.cpp(15): warning C4244: 'argument': conversion from 'unsigned int' to 'float', possible loss of data
c:\users\god\source\repos\mytonaflappybird\bird.cpp(18): warning C4244: 'argument': conversion from 'unsigned int' to 'float', possible loss of data
c:\users\god\source\repos\mytonaflappybird\bird.cpp(23): warning C4244: 'argument': conversion from 'unsigned int' to 'float', possible loss of data
  Generating Code...
c:\users\god\source\repos\mytonaflappybird\pause.cpp(70): warning C4715: 'Pause::isClicked': not all control paths return a value
  MyTonaFlappyBird.vcxproj -> C:\Users\god\source\repos\MytonaFlappyBird\Debug\MyTonaFlappyBird.exe
  MyTonaFlappyBird.vcxproj -> C:\Users\god\source\repos\MytonaFlappyBird\Debug\MyTonaFlappyBird.pdb (Partial PDB)
